<?xml version="1.0" encoding="UTF-8"?>
<testng-results skipped="0" failed="0" ignored="0" total="1" passed="1">
  <reporter-output>
  </reporter-output>
  <suite name="Default suite" duration-ms="85" started-at="2022-10-04T18:51:19 IST" finished-at="2022-10-04T18:51:19 IST">
    <groups>
    </groups>
    <test name="Default test" duration-ms="85" started-at="2022-10-04T18:51:19 IST" finished-at="2022-10-04T18:51:19 IST">
      <class name="programs.Reversestring">
        <test-method status="PASS" signature="reverse()[pri:0, instance:programs.Reversestring@2a17b7b6]" name="reverse" duration-ms="13" started-at="2022-10-04T18:51:19 IST" finished-at="2022-10-04T18:51:19 IST">
          <reporter-output>
          </reporter-output>
        </test-method> <!-- reverse -->
      </class> <!-- programs.Reversestring -->
    </test> <!-- Default test -->
  </suite> <!-- Default suite -->
</testng-results>
